1557808513.182882 client started (14810): version 2.7, socket /tmp/tmux-1000/default, protocol 8
1557808513.182950 on Linux 4.15.0-47-generic #50-Ubuntu SMP Wed Mar 13 10:44:52 UTC 2019; libevent 2.0.21-stable (poll)
1557808513.183006 socket is /tmp/tmux-1000/default
1557808513.183029 trying connect
1557808513.183168 add peer 0x55ff4407c920: 6 ((nil))
1557808513.183298 sending message 100 to peer 0x55ff4407c920 (4 bytes)
1557808513.183316 sending message 101 to peer 0x55ff4407c920 (22 bytes)
1557808513.183327 sending message 102 to peer 0x55ff4407c920 (11 bytes)
1557808513.183337 sending message 108 to peer 0x55ff4407c920 (75 bytes)
1557808513.183351 sending message 104 to peer 0x55ff4407c920 (0 bytes)
1557808513.183363 sending message 107 to peer 0x55ff4407c920 (4 bytes)
1557808513.183372 sending message 105 to peer 0x55ff4407c920 (16 bytes)
1557808513.183381 sending message 105 to peer 0x55ff4407c920 (59 bytes)
1557808513.183415 sending message 105 to peer 0x55ff4407c920 (22 bytes)
1557808513.183425 sending message 105 to peer 0x55ff4407c920 (19 bytes)
1557808513.183434 sending message 105 to peer 0x55ff4407c920 (19 bytes)
1557808513.183443 sending message 105 to peer 0x55ff4407c920 (31 bytes)
1557808513.183452 sending message 105 to peer 0x55ff4407c920 (54 bytes)
1557808513.183461 sending message 105 to peer 0x55ff4407c920 (25 bytes)
1557808513.183471 sending message 105 to peer 0x55ff4407c920 (16 bytes)
1557808513.183480 sending message 105 to peer 0x55ff4407c920 (66 bytes)
1557808513.183489 sending message 105 to peer 0x55ff4407c920 (17 bytes)
1557808513.183498 sending message 105 to peer 0x55ff4407c920 (34 bytes)
1557808513.183507 sending message 105 to peer 0x55ff4407c920 (7 bytes)
1557808513.183516 sending message 105 to peer 0x55ff4407c920 (11 bytes)
1557808513.183525 sending message 105 to peer 0x55ff4407c920 (22 bytes)
1557808513.183534 sending message 105 to peer 0x55ff4407c920 (23 bytes)
1557808513.183543 sending message 105 to peer 0x55ff4407c920 (30 bytes)
1557808513.183552 sending message 105 to peer 0x55ff4407c920 (56 bytes)
1557808513.183565 sending message 105 to peer 0x55ff4407c920 (58 bytes)
1557808513.183575 sending message 105 to peer 0x55ff4407c920 (52 bytes)
1557808513.183584 sending message 105 to peer 0x55ff4407c920 (18 bytes)
1557808513.183593 sending message 105 to peer 0x55ff4407c920 (62 bytes)
1557808513.183602 sending message 105 to peer 0x55ff4407c920 (23 bytes)
1557808513.183611 sending message 105 to peer 0x55ff4407c920 (31 bytes)
1557808513.183620 sending message 105 to peer 0x55ff4407c920 (56 bytes)
1557808513.183629 sending message 105 to peer 0x55ff4407c920 (60 bytes)
1557808513.183638 sending message 105 to peer 0x55ff4407c920 (31 bytes)
1557808513.183647 sending message 105 to peer 0x55ff4407c920 (68 bytes)
1557808513.183656 sending message 105 to peer 0x55ff4407c920 (15 bytes)
1557808513.183665 sending message 105 to peer 0x55ff4407c920 (71 bytes)
1557808513.183675 sending message 105 to peer 0x55ff4407c920 (58 bytes)
1557808513.183684 sending message 105 to peer 0x55ff4407c920 (19 bytes)
1557808513.183693 sending message 105 to peer 0x55ff4407c920 (32 bytes)
1557808513.183706 sending message 105 to peer 0x55ff4407c920 (60 bytes)
1557808513.183715 sending message 105 to peer 0x55ff4407c920 (25 bytes)
1557808513.183724 sending message 105 to peer 0x55ff4407c920 (56 bytes)
1557808513.183733 sending message 105 to peer 0x55ff4407c920 (64 bytes)
1557808513.183743 sending message 105 to peer 0x55ff4407c920 (79 bytes)
1557808513.183752 sending message 105 to peer 0x55ff4407c920 (19 bytes)
1557808513.183761 sending message 105 to peer 0x55ff4407c920 (56 bytes)
1557808513.183770 sending message 105 to peer 0x55ff4407c920 (35 bytes)
1557808513.183779 sending message 105 to peer 0x55ff4407c920 (56 bytes)
1557808513.183788 sending message 105 to peer 0x55ff4407c920 (64 bytes)
1557808513.183797 sending message 105 to peer 0x55ff4407c920 (18 bytes)
1557808513.183806 sending message 105 to peer 0x55ff4407c920 (17 bytes)
1557808513.183815 sending message 105 to peer 0x55ff4407c920 (54 bytes)
1557808513.183825 sending message 105 to peer 0x55ff4407c920 (56 bytes)
1557808513.183860 sending message 105 to peer 0x55ff4407c920 (16 bytes)
1557808513.183870 sending message 105 to peer 0x55ff4407c920 (52 bytes)
1557808513.183880 sending message 105 to peer 0x55ff4407c920 (58 bytes)
1557808513.183889 sending message 105 to peer 0x55ff4407c920 (54 bytes)
1557808513.183898 sending message 105 to peer 0x55ff4407c920 (29 bytes)
1557808513.183907 sending message 105 to peer 0x55ff4407c920 (21 bytes)
1557808513.183916 sending message 105 to peer 0x55ff4407c920 (64 bytes)
1557808513.183925 sending message 105 to peer 0x55ff4407c920 (16 bytes)
1557808513.183934 sending message 105 to peer 0x55ff4407c920 (27 bytes)
1557808513.183943 sending message 105 to peer 0x55ff4407c920 (62 bytes)
1557808513.183952 sending message 105 to peer 0x55ff4407c920 (56 bytes)
1557808513.183961 sending message 105 to peer 0x55ff4407c920 (26 bytes)
1557808513.183970 sending message 105 to peer 0x55ff4407c920 (13 bytes)
1557808513.183980 sending message 105 to peer 0x55ff4407c920 (8 bytes)
1557808513.183989 sending message 105 to peer 0x55ff4407c920 (17 bytes)
1557808513.184002 sending message 105 to peer 0x55ff4407c920 (52 bytes)
1557808513.184011 sending message 105 to peer 0x55ff4407c920 (30 bytes)
1557808513.184040 sending message 105 to peer 0x55ff4407c920 (184 bytes)
1557808513.184053 sending message 105 to peer 0x55ff4407c920 (85 bytes)
1557808513.184063 sending message 105 to peer 0x55ff4407c920 (65 bytes)
1557808513.184072 sending message 105 to peer 0x55ff4407c920 (52 bytes)
1557808513.184081 sending message 105 to peer 0x55ff4407c920 (54 bytes)
1557808513.184091 sending message 105 to peer 0x55ff4407c920 (52 bytes)
1557808513.184100 sending message 105 to peer 0x55ff4407c920 (14 bytes)
1557808513.184109 sending message 105 to peer 0x55ff4407c920 (58 bytes)
1557808513.184118 sending message 105 to peer 0x55ff4407c920 (52 bytes)
1557808513.184127 sending message 105 to peer 0x55ff4407c920 (52 bytes)
1557808513.184169 sending message 105 to peer 0x55ff4407c920 (17 bytes)
1557808513.184183 sending message 105 to peer 0x55ff4407c920 (22 bytes)
1557808513.184193 sending message 106 to peer 0x55ff4407c920 (0 bytes)
1557808513.184204 sending message 200 to peer 0x55ff4407c920 (4 bytes)
1557808513.184213 client loop enter
1557808513.185543 peer 0x55ff4407c920 message 211
1557808513.185576 client_write: sessions should be nested with care, unset $TMUX to force\n
1557808513.185607 peer 0x55ff4407c920 message 203
1557808513.185626 client loop exit
